Arguments: 
  C:\Program Files\nodejs\node.exe C:\Users\Carlos Rocha\AppData\Roaming\npm\node_modules\yarn\bin\yarn.js init

PATH: 
  C:\Python38\Scripts\;C:\Python38\;C:\Program Files (x86)\Borland\Delphi7\Bin;C:\Program Files (x86)\Borland\Delphi7\Projects\Bpl\;C:\Program Files (x86)\CollabNet;C:\Program Files (x86)\Embarcadero\Studio\14.0\bin;C:\Users\Public\Documents\Embarcadero\Studio\14.0\Bpl;C:\Program Files (x86)\Embarcadero\Studio\14.0\bin64;C:\Users\Public\Documents\Embarcadero\Studio\14.0\Bpl\Win64;C:\Program Files (x86)\Common Files\Oracle\Java\javapath;C:\WINDOWS\system32;C:\WINDOWS;C:\WINDOWS\System32\Wbem;C:\WINDOWS\System32\WindowsPowerShell\v1.0\;C:\WINDOWS\System32\OpenSSH\;C:\Program Files\TortoiseSVN\bin;C:\Program Files\Git\cmd;C:\ProgramData\chocolatey\bin;C:\Program Files\PuTTY\;C:\Program Files (x86)\EaseUS\Todo Backup\bin;C:\Program Files\dotnet\;C:\Program Files\Microsoft SQL Server\130\Tools\Binn\;C:\Program Files\Microsoft SQL Server\Client SDK\ODBC\170\Tools\Binn\;C:\Program Files\Docker\Docker\resources\bin;C:\ProgramData\DockerDesktop\version-bin;C:\Program Files\nodejs\;C:\Users\Carlos Rocha\.windows-build-tools\python27\;C:\Ruby26-x64\bin;C:\Ruby25\bin;C:\Users\Carlos Rocha\AppData\Local\Microsoft\WindowsApps;C:\Users\Carlos Rocha\AppData\Local\Programs\Microsoft VS Code\bin;C:\Ferramentas;C:\Fortes\Firebird\Firebird_2_5\bin;C:\Users\Carlos Rocha\.dotnet\tools;C:\Users\Carlos Rocha\AppData\Roaming\npm;C:\Users\Carlos Rocha\.dotnet\tools

Yarn version: 
  1.22.10

Node version: 
  15.7.0

Platform: 
  win32 x64

Trace: 
  Error: canceled
      at Interface.<anonymous> (C:\Users\Carlos Rocha\AppData\Roaming\npm\node_modules\yarn\lib\cli.js:136216:13)
      at Interface.emit (node:events:379:20)
      at Interface._ttyWrite (node:readline:910:16)
      at ReadStream.onkeypress (node:readline:235:10)
      at ReadStream.emit (node:events:379:20)
      at emitKeys (node:internal/readline/utils:358:14)
      at emitKeys.next (<anonymous>)
      at ReadStream.onData (node:readline:1179:36)
      at ReadStream.emit (node:events:379:20)
      at addChunk (node:internal/streams/readable:313:12)

npm manifest: 
  No manifest

yarn manifest: 
  No manifest

Lockfile: 
  No lockfile
